<?xml version="1.0" encoding="UTF-8"?>
<testng-results ignored="0" total="1" passed="1" failed="0" skipped="0">
  <reporter-output>
  </reporter-output>
  <suite started-at="2023-11-03T14:43:23 IST" name="Default suite" finished-at="2023-11-03T14:43:25 IST" duration-ms="2317">
    <groups>
    </groups>
    <test started-at="2023-11-03T14:43:23 IST" name="Default test" finished-at="2023-11-03T14:43:25 IST" duration-ms="2317">
      <class name="Testing.PerformanceTest">
        <test-method is-config="true" signature="loadHomePage()[pri:0, instance:Testing.PerformanceTest@55634720]" started-at="2023-11-03T14:43:23 IST" name="loadHomePage" finished-at="2023-11-03T14:43:25 IST" duration-ms="1953" status="PASS">
          <reporter-output>
          </reporter-output>
        </test-method> <!-- loadHomePage -->
        <test-method signature="measureLoadTime()[pri:0, instance:Testing.PerformanceTest@55634720]" started-at="2023-11-03T14:43:25 IST" name="measureLoadTime" finished-at="2023-11-03T14:43:25 IST" duration-ms="328" status="PASS">
          <reporter-output>
          </reporter-output>
        </test-method> <!-- measureLoadTime -->
      </class> <!-- Testing.PerformanceTest -->
    </test> <!-- Default test -->
  </suite> <!-- Default suite -->
</testng-results>
